<?xml version="1.0" encoding="UTF-8"?>
<!-- Generated by org.testng.reporters.JUnitReportReporter -->
<testsuite skipped="0" hostname="Harshini" name="com.training.annotation.Test2" tests="3" failures="0" timestamp="2023-04-20T16:47:43 EDT" time="0.006" errors="0">
  <testcase name="login" time="0.004" classname="com.training.annotation.Test2"/>
  <system-out/>
  <testcase name="login1" time="0.001" classname="com.training.annotation.Test2"/>
  <system-out/>
  <testcase name="login3" time="0.001" classname="com.training.annotation.Test2"/>
  <system-out/>
</testsuite> <!-- com.training.annotation.Test2 -->
